C:\Users\Cecilio\source\repos\VentaMK-Entregable\UI2\AngularApp\dist\out-tsc\e2e\src\app.po.js
C:\Users\Cecilio\source\repos\VentaMK-Entregable\UI2\AngularApp\dist\out-tsc\e2e\src\app.po.js.map
C:\Users\Cecilio\source\repos\VentaMK-Entregable\UI2\AngularApp\dist\out-tsc\e2e\src\app.e2e-spec.js
C:\Users\Cecilio\source\repos\VentaMK-Entregable\UI2\AngularApp\dist\out-tsc\e2e\src\app.e2e-spec.js.map
C:\Users\Cecilio\source\repos\VentaMK-Entregable\UI2\AngularApp\dist\out-tsc\src\app\app-routing.module.js
C:\Users\Cecilio\source\repos\VentaMK-Entregable\UI2\AngularApp\dist\out-tsc\src\app\app-routing.module.js.map
C:\Users\Cecilio\source\repos\VentaMK-Entregable\UI2\AngularApp\dist\out-tsc\src\app\app.component.js
C:\Users\Cecilio\source\repos\VentaMK-Entregable\UI2\AngularApp\dist\out-tsc\src\app\app.component.js.map
C:\Users\Cecilio\source\repos\VentaMK-Entregable\UI2\AngularApp\dist\out-tsc\src\app\entidades\puntos_de_Interes.js
C:\Users\Cecilio\source\repos\VentaMK-Entregable\UI2\AngularApp\dist\out-tsc\src\app\entidades\puntos_de_Interes.js.map
C:\Users\Cecilio\source\repos\VentaMK-Entregable\UI2\AngularApp\dist\out-tsc\src\app\services\global.js
C:\Users\Cecilio\source\repos\VentaMK-Entregable\UI2\AngularApp\dist\out-tsc\src\app\services\global.js.map
C:\Users\Cecilio\source\repos\VentaMK-Entregable\UI2\AngularApp\dist\out-tsc\src\app\services\puntos_de_interes.service.js
C:\Users\Cecilio\source\repos\VentaMK-Entregable\UI2\AngularApp\dist\out-tsc\src\app\services\puntos_de_interes.service.js.map
C:\Users\Cecilio\source\repos\VentaMK-Entregable\UI2\AngularApp\dist\out-tsc\src\app\entidades\zonas.js
C:\Users\Cecilio\source\repos\VentaMK-Entregable\UI2\AngularApp\dist\out-tsc\src\app\entidades\zonas.js.map
C:\Users\Cecilio\source\repos\VentaMK-Entregable\UI2\AngularApp\dist\out-tsc\src\app\services\zonas.service.js
C:\Users\Cecilio\source\repos\VentaMK-Entregable\UI2\AngularApp\dist\out-tsc\src\app\services\zonas.service.js.map
C:\Users\Cecilio\source\repos\VentaMK-Entregable\UI2\AngularApp\dist\out-tsc\src\app\puntosInteres\mapa.component.js
C:\Users\Cecilio\source\repos\VentaMK-Entregable\UI2\AngularApp\dist\out-tsc\src\app\puntosInteres\mapa.component.js.map
C:\Users\Cecilio\source\repos\VentaMK-Entregable\UI2\AngularApp\dist\out-tsc\src\app\entidades\ventas.js
C:\Users\Cecilio\source\repos\VentaMK-Entregable\UI2\AngularApp\dist\out-tsc\src\app\entidades\ventas.js.map
C:\Users\Cecilio\source\repos\VentaMK-Entregable\UI2\AngularApp\dist\out-tsc\src\app\Zonas\grafico.component.js
C:\Users\Cecilio\source\repos\VentaMK-Entregable\UI2\AngularApp\dist\out-tsc\src\app\Zonas\grafico.component.js.map
C:\Users\Cecilio\source\repos\VentaMK-Entregable\UI2\AngularApp\dist\out-tsc\src\app\services\clima.service.js
C:\Users\Cecilio\source\repos\VentaMK-Entregable\UI2\AngularApp\dist\out-tsc\src\app\services\clima.service.js.map
C:\Users\Cecilio\source\repos\VentaMK-Entregable\UI2\AngularApp\dist\out-tsc\src\app\clima\clima.component.js
C:\Users\Cecilio\source\repos\VentaMK-Entregable\UI2\AngularApp\dist\out-tsc\src\app\clima\clima.component.js.map
C:\Users\Cecilio\source\repos\VentaMK-Entregable\UI2\AngularApp\dist\out-tsc\src\app\app.module.js
C:\Users\Cecilio\source\repos\VentaMK-Entregable\UI2\AngularApp\dist\out-tsc\src\app\app.module.js.map
C:\Users\Cecilio\source\repos\VentaMK-Entregable\UI2\AngularApp\dist\out-tsc\src\environments\environment.js
C:\Users\Cecilio\source\repos\VentaMK-Entregable\UI2\AngularApp\dist\out-tsc\src\environments\environment.js.map
C:\Users\Cecilio\source\repos\VentaMK-Entregable\UI2\AngularApp\dist\out-tsc\src\main.js
C:\Users\Cecilio\source\repos\VentaMK-Entregable\UI2\AngularApp\dist\out-tsc\src\main.js.map
C:\Users\Cecilio\source\repos\VentaMK-Entregable\UI2\AngularApp\dist\out-tsc\src\polyfills.js
C:\Users\Cecilio\source\repos\VentaMK-Entregable\UI2\AngularApp\dist\out-tsc\src\polyfills.js.map
C:\Users\Cecilio\source\repos\VentaMK-Entregable\UI2\AngularApp\dist\out-tsc\src\test.js
C:\Users\Cecilio\source\repos\VentaMK-Entregable\UI2\AngularApp\dist\out-tsc\src\test.js.map
C:\Users\Cecilio\source\repos\VentaMK-Entregable\UI2\AngularApp\dist\out-tsc\src\app\app.component.spec.js
C:\Users\Cecilio\source\repos\VentaMK-Entregable\UI2\AngularApp\dist\out-tsc\src\app\app.component.spec.js.map
C:\Users\Cecilio\source\repos\VentaMK-Entregable\UI2\AngularApp\dist\out-tsc\src\environments\environment.prod.js
C:\Users\Cecilio\source\repos\VentaMK-Entregable\UI2\AngularApp\dist\out-tsc\src\environments\environment.prod.js.map
